빌드 시작: 2016-02-24 오후 11:52:51
     1>2 노드의 "D:\ArenaFight\Client2\LabProject10_camera\LabProject09.vcxproj" 프로젝트(Build 대상)입니다.
     1>ClCompile:
         C:\Program Files (x86)\Microsoft Visual Studio 12.0\VC\bin\CL.exe /c /ZI /nologo /W3 /WX- /sdl /Od /Oy- /D WIN32 /D _DEBUG /D _WINDOWS /D _UNICODE /D UNICODE /Gm /EHsc /RTC1 /MDd /GS /fp:precise /Zc:wchar_t /Zc:forScope /Yu"stdafx.h" /Fp"Debug\GameClient.pch" /Fo"Debug\\" /Fd"Debug\vc120.pdb" /Gd /TP /analyze- /errorReport:prompt Camera.cpp GameClient.cpp GameFramework.cpp Player.cpp
         Player.cpp
         GameFramework.cpp
     1>d:\arenafight\client2\labproject10_camera\gameframework.cpp(386): error C2039: 'Update' : 'CPlayer'의 멤버가 아닙니다.
                 d:\arenafight\client2\labproject10_camera\player.h(11) : 'CPlayer' 선언을 참조하십시오.
     1>d:\arenafight\client2\labproject10_camera\gameframework.cpp(389): error C2102: '&'에 l-value가 있어야 합니다.
     1>d:\arenafight\client2\labproject10_camera\gameframework.cpp(411): error C2039: 'UpdateShaderVariables' : 'CPlayer'의 멤버가 아닙니다.
                 d:\arenafight\client2\labproject10_camera\player.h(11) : 'CPlayer' 선언을 참조하십시오.
     1>d:\arenafight\client2\labproject10_camera\gameframework.cpp(418): error C2039: 'Render' : 'CPlayer'의 멤버가 아닙니다.
                 d:\arenafight\client2\labproject10_camera\player.h(11) : 'CPlayer' 선언을 참조하십시오.
         코드를 생성하고 있습니다...
         건너뛰고 있습니다... (관련된 변경 내용 없음)
         GameClient.cpp
         Camera.cpp
     1>"D:\ArenaFight\Client2\LabProject10_camera\LabProject09.vcxproj" 프로젝트를 빌드했습니다(Build 대상). - 실패

빌드하지 못했습니다.

경과 시간: 00:00:00.58
